mode: set
test/mnc/features/points/business/usecase.go:11.60,15.2 1 1
test/mnc/features/points/business/usecase.go:17.80,20.2 2 1
test/mnc/features/points/business/usecase.go:22.91,25.2 2 1
test/mnc/features/points/business/usecase.go:27.85,30.2 2 1
test/mnc/features/points/business/usecase.go:32.75,35.2 2 1
test/mnc/features/articles/business/usecase.go:13.88,18.2 1 1
test/mnc/features/articles/business/usecase.go:20.89,23.2 2 1
test/mnc/features/articles/business/usecase.go:25.103,27.14 2 1
test/mnc/features/articles/business/usecase.go:31.2,31.28 1 1
test/mnc/features/articles/business/usecase.go:27.14,30.3 2 1
test/mnc/features/articles/business/usecase.go:34.78,37.2 2 1
test/mnc/features/users/business/usecase.go:11.57,15.2 1 1
test/mnc/features/users/business/usecase.go:17.74,20.2 2 1
test/mnc/features/users/business/usecase.go:22.106,25.2 2 1
test/mnc/features/users/business/usecase.go:27.72,30.2 2 1
test/mnc/features/users/business/usecase.go:32.70,35.2 2 1
test/mnc/features/company/business/usecase.go:11.65,15.2 1 1
test/mnc/features/company/business/usecase.go:17.83,20.2 2 1
test/mnc/features/company/business/usecase.go:22.117,25.2 2 1
